2018-01-29 10:27:35Controller:app\Controller\AdminController  action:orderList
2018-01-29 10:27:36Controller:app\Controller\AdminController  action:orderList
2018-01-29 10:27:36Controller:app\Controller\AdminController  action:orderList
2018-01-29 10:27:38Controller:app\Controller\AdminController  action:orderList
2018-01-29 10:27:40Controller:app\Controller\CommonController  action:logout
2018-01-29 10:27:41Controller:app\Controller\CommonController  action:login
2018-01-29 10:27:49Controller:app\Controller\CommonController  action:login
2018-01-29 10:27:50Controller:app\Controller\AdminController  action:index
2018-01-29 10:27:51Controller:app\Controller\AdminController  action:orderList
2018-01-29 10:27:52Controller:app\Controller\UserController  action:index
2018-01-29 18:12:54Controller:app\Controller\IndexController  action:index
2018-01-29 18:23:13Controller:app\Controller\IndexController  action:index
2018-01-29 18:28:58Controller:app\Controller\IndexController  action:index
2018-01-29 18:29:40Controller:app\Controller\IndexController  action:index
2018-01-29 18:29:45Controller:app\Controller\IndexController  action:get_city
2018-01-29 18:29:48Controller:app\Controller\IndexController  action:get_city
2018-01-29 18:33:33Controller:app\Controller\IndexController  action:index
2018-01-29 18:33:36Controller:app\Controller\IndexController  action:getCityList
2018-01-29 18:33:38Controller:app\Controller\IndexController  action:getCityList
2018-01-29 18:33:52Controller:app\Controller\IndexController  action:index
2018-01-29 18:34:00Controller:app\Controller\IndexController  action:getCityList
2018-01-29 18:34:20Controller:app\Controller\IndexController  action:index
2018-01-29 18:34:22Controller:app\Controller\IndexController  action:getCityList
2018-01-29 18:34:24Controller:app\Controller\IndexController  action:getAreaList
2018-01-29 18:34:39Controller:app\Controller\IndexController  action:getAreaList
2018-01-29 18:35:16Controller:app\Controller\IndexController  action:index
2018-01-29 18:35:18Controller:app\Controller\IndexController  action:getCityList
2018-01-29 18:35:20Controller:app\Controller\IndexController  action:getCityList
2018-01-29 18:35:21Controller:app\Controller\IndexController  action:getAreaList
2018-01-29 18:36:07Controller:app\Controller\IndexController  action:index
2018-01-29 18:36:20Controller:app\Controller\IndexController  action:index
2018-01-29 18:38:26Controller:app\Controller\IndexController  action:index
2018-01-29 18:38:34Controller:app\Controller\IndexController  action:index
2018-01-29 18:45:19Controller:app\Controller\IndexController  action:getCityList
2018-01-29 18:45:20Controller:app\Controller\IndexController  action:getAreaList
2018-01-29 18:48:27Controller:app\Controller\IndexController  action:index
2018-01-29 18:48:36Controller:app\Controller\IndexController  action:getCityList
2018-01-29 18:48:43Controller:app\Controller\IndexController  action:getCityList
2018-01-29 18:48:51Controller:app\Controller\IndexController  action:getCityList
2018-01-29 18:49:40Controller:app\Controller\IndexController  action:index
2018-01-29 18:49:48Controller:app\Controller\IndexController  action:getCityList
2018-01-29 18:49:49Controller:app\Controller\IndexController  action:getAreaList
2018-01-29 18:49:53Controller:app\Controller\IndexController  action:submitContect
2018-01-29 18:49:57Controller:app\Controller\IndexController  action:index
2018-01-29 18:51:37Controller:app\Controller\IndexController  action:getCityList
2018-01-29 18:51:38Controller:app\Controller\IndexController  action:getAreaList
2018-01-29 18:51:45Controller:app\Controller\IndexController  action:submitContect
2018-01-29 18:52:30Controller:app\Controller\IndexController  action:index
2018-01-29 18:52:52Controller:app\Controller\IndexController  action:index
2018-01-29 18:53:00Controller:app\Controller\IndexController  action:getCityList
2018-01-29 18:53:01Controller:app\Controller\IndexController  action:getAreaList
2018-01-29 18:53:08Controller:app\Controller\IndexController  action:submitContect
2018-01-29 18:53:41Controller:app\Controller\IndexController  action:index
2018-01-29 18:53:48Controller:app\Controller\IndexController  action:getCityList
2018-01-29 18:53:49Controller:app\Controller\IndexController  action:getAreaList
2018-01-29 18:53:55Controller:app\Controller\IndexController  action:submitContect
2018-01-29 18:55:21Controller:app\Controller\IndexController  action:submitContect
2018-01-29 18:55:59Controller:app\Controller\IndexController  action:submitContect
2018-01-29 18:56:23Controller:app\Controller\IndexController  action:submitContect
2018-01-29 18:56:25Controller:app\Controller\IndexController  action:index
